c:\users\shonax\desktop\insightcsgo-main\release\lua-5.3.5.pdb
c:\users\shonax\desktop\insightcsgo-main\snakeware\lua-5.3.5\release\lobject.obj
c:\users\shonax\desktop\insightcsgo-main\snakeware\lua-5.3.5\release\loadlib.obj
c:\users\shonax\desktop\insightcsgo-main\snakeware\lua-5.3.5\release\lmem.obj
c:\users\shonax\desktop\insightcsgo-main\snakeware\lua-5.3.5\release\lmathlib.obj
c:\users\shonax\desktop\insightcsgo-main\snakeware\lua-5.3.5\release\llex.obj
c:\users\shonax\desktop\insightcsgo-main\snakeware\lua-5.3.5\release\liolib.obj
c:\users\shonax\desktop\insightcsgo-main\snakeware\lua-5.3.5\release\linit.obj
c:\users\shonax\desktop\insightcsgo-main\snakeware\lua-5.3.5\release\lgc.obj
c:\users\shonax\desktop\insightcsgo-main\snakeware\lua-5.3.5\release\lfunc.obj
c:\users\shonax\desktop\insightcsgo-main\snakeware\lua-5.3.5\release\ldump.obj
c:\users\shonax\desktop\insightcsgo-main\snakeware\lua-5.3.5\release\ldo.obj
c:\users\shonax\desktop\insightcsgo-main\snakeware\lua-5.3.5\release\ldebug.obj
c:\users\shonax\desktop\insightcsgo-main\snakeware\lua-5.3.5\release\ldblib.obj
c:\users\shonax\desktop\insightcsgo-main\snakeware\lua-5.3.5\release\lctype.obj
c:\users\shonax\desktop\insightcsgo-main\snakeware\lua-5.3.5\release\lcorolib.obj
c:\users\shonax\desktop\insightcsgo-main\snakeware\lua-5.3.5\release\lcode.obj
c:\users\shonax\desktop\insightcsgo-main\snakeware\lua-5.3.5\release\lbitlib.obj
c:\users\shonax\desktop\insightcsgo-main\snakeware\lua-5.3.5\release\lbaselib.obj
c:\users\shonax\desktop\insightcsgo-main\snakeware\lua-5.3.5\release\lauxlib.obj
c:\users\shonax\desktop\insightcsgo-main\snakeware\lua-5.3.5\release\lapi.obj
c:\users\shonax\desktop\insightcsgo-main\snakeware\lua-5.3.5\release\lzio.obj
c:\users\shonax\desktop\insightcsgo-main\snakeware\lua-5.3.5\release\lvm.obj
c:\users\shonax\desktop\insightcsgo-main\snakeware\lua-5.3.5\release\lutf8lib.obj
c:\users\shonax\desktop\insightcsgo-main\snakeware\lua-5.3.5\release\lundump.obj
c:\users\shonax\desktop\insightcsgo-main\snakeware\lua-5.3.5\release\luac.obj
c:\users\shonax\desktop\insightcsgo-main\snakeware\lua-5.3.5\release\lua.obj
c:\users\shonax\desktop\insightcsgo-main\snakeware\lua-5.3.5\release\ltm.obj
c:\users\shonax\desktop\insightcsgo-main\snakeware\lua-5.3.5\release\ltablib.obj
c:\users\shonax\desktop\insightcsgo-main\snakeware\lua-5.3.5\release\ltable.obj
c:\users\shonax\desktop\insightcsgo-main\snakeware\lua-5.3.5\release\lstrlib.obj
c:\users\shonax\desktop\insightcsgo-main\snakeware\lua-5.3.5\release\lstring.obj
c:\users\shonax\desktop\insightcsgo-main\snakeware\lua-5.3.5\release\lstate.obj
c:\users\shonax\desktop\insightcsgo-main\snakeware\lua-5.3.5\release\lparser.obj
c:\users\shonax\desktop\insightcsgo-main\snakeware\lua-5.3.5\release\loslib.obj
c:\users\shonax\desktop\insightcsgo-main\snakeware\lua-5.3.5\release\lopcodes.obj
c:\users\shonax\desktop\insightcsgo-main\release\lua-5.3.5.lib
c:\users\shonax\desktop\insightcsgo-main\snakeware\lua-5.3.5\release\lua-5.3.5.tlog\cl.command.1.tlog
c:\users\shonax\desktop\insightcsgo-main\snakeware\lua-5.3.5\release\lua-5.3.5.tlog\cl.read.1.tlog
c:\users\shonax\desktop\insightcsgo-main\snakeware\lua-5.3.5\release\lua-5.3.5.tlog\cl.write.1.tlog
c:\users\shonax\desktop\insightcsgo-main\snakeware\lua-5.3.5\release\lua-5.3.5.tlog\lib-link.read.1.tlog
c:\users\shonax\desktop\insightcsgo-main\snakeware\lua-5.3.5\release\lua-5.3.5.tlog\lib-link.write.1.tlog
c:\users\shonax\desktop\insightcsgo-main\snakeware\lua-5.3.5\release\lua-5.3.5.tlog\lib.command.1.tlog
