d:\документы\snakeware\lua-5.3.5\debug\lua-5.3.5.pdb
d:\документы\snakeware\lua-5.3.5\debug\lua-5.3.5.idb
d:\документы\snakeware\lua-5.3.5\debug\lobject.obj
d:\документы\snakeware\lua-5.3.5\debug\loadlib.obj
d:\документы\snakeware\lua-5.3.5\debug\lmem.obj
d:\документы\snakeware\lua-5.3.5\debug\lmathlib.obj
d:\документы\snakeware\lua-5.3.5\debug\llex.obj
d:\документы\snakeware\lua-5.3.5\debug\liolib.obj
d:\документы\snakeware\lua-5.3.5\debug\linit.obj
d:\документы\snakeware\lua-5.3.5\debug\lgc.obj
d:\документы\snakeware\lua-5.3.5\debug\lfunc.obj
d:\документы\snakeware\lua-5.3.5\debug\ldump.obj
d:\документы\snakeware\lua-5.3.5\debug\ldo.obj
d:\документы\snakeware\lua-5.3.5\debug\ldebug.obj
d:\документы\snakeware\lua-5.3.5\debug\ldblib.obj
d:\документы\snakeware\lua-5.3.5\debug\lctype.obj
d:\документы\snakeware\lua-5.3.5\debug\lcorolib.obj
d:\документы\snakeware\lua-5.3.5\debug\lcode.obj
d:\документы\snakeware\lua-5.3.5\debug\lbitlib.obj
d:\документы\snakeware\lua-5.3.5\debug\lbaselib.obj
d:\документы\snakeware\lua-5.3.5\debug\lauxlib.obj
d:\документы\snakeware\lua-5.3.5\debug\lapi.obj
d:\документы\snakeware\lua-5.3.5\debug\lzio.obj
d:\документы\snakeware\lua-5.3.5\debug\lvm.obj
d:\документы\snakeware\lua-5.3.5\debug\lutf8lib.obj
d:\документы\snakeware\lua-5.3.5\debug\lundump.obj
d:\документы\snakeware\lua-5.3.5\debug\luac.obj
d:\документы\snakeware\lua-5.3.5\debug\lua.obj
d:\документы\snakeware\lua-5.3.5\debug\ltm.obj
d:\документы\snakeware\lua-5.3.5\debug\ltablib.obj
d:\документы\snakeware\lua-5.3.5\debug\ltable.obj
d:\документы\snakeware\lua-5.3.5\debug\lstrlib.obj
d:\документы\snakeware\lua-5.3.5\debug\lstring.obj
d:\документы\snakeware\lua-5.3.5\debug\lstate.obj
d:\документы\snakeware\lua-5.3.5\debug\lparser.obj
d:\документы\snakeware\lua-5.3.5\debug\loslib.obj
d:\документы\snakeware\lua-5.3.5\debug\lopcodes.obj
d:\документы\github\insightcsgo\lua-5.3.5\debug\lua-5.3.5.pdb
d:\документы\github\insightcsgo\lua-5.3.5\debug\lua-5.3.5.idb
d:\документы\github\insightcsgo\lua-5.3.5\debug\lobject.obj
d:\документы\github\insightcsgo\lua-5.3.5\debug\loadlib.obj
d:\документы\github\insightcsgo\lua-5.3.5\debug\lmem.obj
d:\документы\github\insightcsgo\lua-5.3.5\debug\lmathlib.obj
d:\документы\github\insightcsgo\lua-5.3.5\debug\llex.obj
d:\документы\github\insightcsgo\lua-5.3.5\debug\liolib.obj
d:\документы\github\insightcsgo\lua-5.3.5\debug\linit.obj
d:\документы\github\insightcsgo\lua-5.3.5\debug\lgc.obj
d:\документы\github\insightcsgo\lua-5.3.5\debug\lfunc.obj
d:\документы\github\insightcsgo\lua-5.3.5\debug\ldump.obj
d:\документы\github\insightcsgo\lua-5.3.5\debug\ldo.obj
d:\документы\github\insightcsgo\lua-5.3.5\debug\ldebug.obj
d:\документы\github\insightcsgo\lua-5.3.5\debug\ldblib.obj
d:\документы\github\insightcsgo\lua-5.3.5\debug\lctype.obj
d:\документы\github\insightcsgo\lua-5.3.5\debug\lcorolib.obj
d:\документы\github\insightcsgo\lua-5.3.5\debug\lcode.obj
d:\документы\github\insightcsgo\lua-5.3.5\debug\lbitlib.obj
d:\документы\github\insightcsgo\lua-5.3.5\debug\lbaselib.obj
d:\документы\github\insightcsgo\lua-5.3.5\debug\lauxlib.obj
d:\документы\github\insightcsgo\lua-5.3.5\debug\lapi.obj
d:\документы\github\insightcsgo\lua-5.3.5\debug\lzio.obj
d:\документы\github\insightcsgo\lua-5.3.5\debug\lvm.obj
d:\документы\github\insightcsgo\lua-5.3.5\debug\lutf8lib.obj
d:\документы\github\insightcsgo\lua-5.3.5\debug\lundump.obj
d:\документы\github\insightcsgo\lua-5.3.5\debug\luac.obj
d:\документы\github\insightcsgo\lua-5.3.5\debug\lua.obj
d:\документы\github\insightcsgo\lua-5.3.5\debug\ltm.obj
d:\документы\github\insightcsgo\lua-5.3.5\debug\ltablib.obj
d:\документы\github\insightcsgo\lua-5.3.5\debug\ltable.obj
d:\документы\github\insightcsgo\lua-5.3.5\debug\lstrlib.obj
d:\документы\github\insightcsgo\lua-5.3.5\debug\lstring.obj
d:\документы\github\insightcsgo\lua-5.3.5\debug\lstate.obj
d:\документы\github\insightcsgo\lua-5.3.5\debug\lparser.obj
d:\документы\github\insightcsgo\lua-5.3.5\debug\loslib.obj
d:\документы\github\insightcsgo\lua-5.3.5\debug\lopcodes.obj
d:\документы\github\insightcsgo\debug\lua-5.3.5.lib
c:\users\shonax\desktop\insightcsgo-main\snakeware\lua-5.3.5\debug\lapi.obj
c:\users\shonax\desktop\insightcsgo-main\snakeware\lua-5.3.5\debug\lauxlib.obj
c:\users\shonax\desktop\insightcsgo-main\snakeware\lua-5.3.5\debug\lbaselib.obj
c:\users\shonax\desktop\insightcsgo-main\snakeware\lua-5.3.5\debug\lbitlib.obj
c:\users\shonax\desktop\insightcsgo-main\snakeware\lua-5.3.5\debug\lcode.obj
c:\users\shonax\desktop\insightcsgo-main\snakeware\lua-5.3.5\debug\lcorolib.obj
c:\users\shonax\desktop\insightcsgo-main\snakeware\lua-5.3.5\debug\lctype.obj
c:\users\shonax\desktop\insightcsgo-main\snakeware\lua-5.3.5\debug\ldblib.obj
c:\users\shonax\desktop\insightcsgo-main\snakeware\lua-5.3.5\debug\ldebug.obj
c:\users\shonax\desktop\insightcsgo-main\snakeware\lua-5.3.5\debug\ldo.obj
c:\users\shonax\desktop\insightcsgo-main\snakeware\lua-5.3.5\debug\ldump.obj
c:\users\shonax\desktop\insightcsgo-main\snakeware\lua-5.3.5\debug\lfunc.obj
c:\users\shonax\desktop\insightcsgo-main\snakeware\lua-5.3.5\debug\lgc.obj
c:\users\shonax\desktop\insightcsgo-main\snakeware\lua-5.3.5\debug\linit.obj
c:\users\shonax\desktop\insightcsgo-main\snakeware\lua-5.3.5\debug\liolib.obj
c:\users\shonax\desktop\insightcsgo-main\snakeware\lua-5.3.5\debug\llex.obj
c:\users\shonax\desktop\insightcsgo-main\snakeware\lua-5.3.5\debug\lmathlib.obj
c:\users\shonax\desktop\insightcsgo-main\snakeware\lua-5.3.5\debug\lmem.obj
c:\users\shonax\desktop\insightcsgo-main\snakeware\lua-5.3.5\debug\loadlib.obj
c:\users\shonax\desktop\insightcsgo-main\snakeware\lua-5.3.5\debug\lobject.obj
c:\users\shonax\desktop\insightcsgo-main\snakeware\lua-5.3.5\debug\lopcodes.obj
c:\users\shonax\desktop\insightcsgo-main\snakeware\lua-5.3.5\debug\loslib.obj
c:\users\shonax\desktop\insightcsgo-main\snakeware\lua-5.3.5\debug\lparser.obj
c:\users\shonax\desktop\insightcsgo-main\snakeware\lua-5.3.5\debug\lstate.obj
c:\users\shonax\desktop\insightcsgo-main\snakeware\lua-5.3.5\debug\lstring.obj
c:\users\shonax\desktop\insightcsgo-main\snakeware\lua-5.3.5\debug\lstrlib.obj
c:\users\shonax\desktop\insightcsgo-main\snakeware\lua-5.3.5\debug\ltable.obj
c:\users\shonax\desktop\insightcsgo-main\snakeware\lua-5.3.5\debug\ltablib.obj
c:\users\shonax\desktop\insightcsgo-main\snakeware\lua-5.3.5\debug\ltm.obj
c:\users\shonax\desktop\insightcsgo-main\snakeware\lua-5.3.5\debug\lua.obj
c:\users\shonax\desktop\insightcsgo-main\snakeware\lua-5.3.5\debug\luac.obj
c:\users\shonax\desktop\insightcsgo-main\snakeware\lua-5.3.5\debug\lundump.obj
c:\users\shonax\desktop\insightcsgo-main\snakeware\lua-5.3.5\debug\lutf8lib.obj
c:\users\shonax\desktop\insightcsgo-main\snakeware\lua-5.3.5\debug\lvm.obj
c:\users\shonax\desktop\insightcsgo-main\snakeware\lua-5.3.5\debug\lzio.obj
c:\users\shonax\desktop\insightcsgo-main\snakeware\lua-5.3.5\debug\lua-5.3.5.idb
c:\users\shonax\desktop\insightcsgo-main\snakeware\lua-5.3.5\debug\lua-5.3.5.pdb
c:\users\shonax\desktop\insightcsgo-main\snakeware\lua-5.3.5\debug\lua-5.3.5.tlog\cl.command.1.tlog
c:\users\shonax\desktop\insightcsgo-main\snakeware\lua-5.3.5\debug\lua-5.3.5.tlog\cl.read.1.tlog
c:\users\shonax\desktop\insightcsgo-main\snakeware\lua-5.3.5\debug\lua-5.3.5.tlog\cl.write.1.tlog
c:\users\shonax\desktop\insightcsgo-main\snakeware\lua-5.3.5\debug\lua-5.3.5.tlog\lib-link.read.1.tlog
c:\users\shonax\desktop\insightcsgo-main\snakeware\lua-5.3.5\debug\lua-5.3.5.tlog\lib-link.write.1.tlog
c:\users\shonax\desktop\insightcsgo-main\snakeware\lua-5.3.5\debug\lua-5.3.5.tlog\lib.command.1.tlog
